ts=2022-06-10T02:29:21.798Z caller=node_exporter.go:182 level=info msg="Starting node_exporter" version="(version=1.3.1, branch=HEAD, revision=a2321e7b940ddcff26873612bccdf7cd4c42b6b6)"
ts=2022-06-10T02:29:21.800Z caller=node_exporter.go:183 level=info msg="Build context" build_context="(go=go1.17.3, user=root@243aafa5525c, date=20211205-11:09:49)"
ts=2022-06-10T02:29:21.800Z caller=node_exporter.go:185 level=warn msg="Node Exporter is running as root user. This exporter is designed to run as unpriviledged user, root is not required."
ts=2022-06-10T02:29:21.801Z caller=filesystem_common.go:111 level=info collector=filesystem msg="Parsed flag --collector.filesystem.mount-points-exclude" flag=^/(dev|proc|run/credentials/.+|sys|var/lib/docker/.+)($|/)
ts=2022-06-10T02:29:21.801Z caller=filesystem_common.go:113 level=info collector=filesystem msg="Parsed flag --collector.filesystem.fs-types-exclude" flag=^(autofs|binfmt_misc|bpf|cgroup2?|configfs|debugfs|devpts|devtmpfs|fusectl|hugetlbfs|iso9660|mqueue|nsfs|overlay|proc|procfs|pstore|rpc_pipefs|securityfs|selinuxfs|squashfs|sysfs|tracefs)$
ts=2022-06-10T02:29:21.802Z caller=node_exporter.go:108 level=info msg="Enabled collectors"
ts=2022-06-10T02:29:21.802Z caller=node_exporter.go:115 level=info collector=arp
ts=2022-06-10T02:29:21.802Z caller=node_exporter.go:115 level=info collector=bcache
ts=2022-06-10T02:29:21.803Z caller=node_exporter.go:115 level=info collector=bonding
ts=2022-06-10T02:29:21.803Z caller=node_exporter.go:115 level=info collector=btrfs
ts=2022-06-10T02:29:21.803Z caller=node_exporter.go:115 level=info collector=conntrack
ts=2022-06-10T02:29:21.804Z caller=node_exporter.go:115 level=info collector=cpu
ts=2022-06-10T02:29:21.804Z caller=node_exporter.go:115 level=info collector=cpufreq
ts=2022-06-10T02:29:21.804Z caller=node_exporter.go:115 level=info collector=diskstats
ts=2022-06-10T02:29:21.804Z caller=node_exporter.go:115 level=info collector=dmi
ts=2022-06-10T02:29:21.805Z caller=node_exporter.go:115 level=info collector=edac
ts=2022-06-10T02:29:21.805Z caller=node_exporter.go:115 level=info collector=entropy
ts=2022-06-10T02:29:21.805Z caller=node_exporter.go:115 level=info collector=fibrechannel
ts=2022-06-10T02:29:21.806Z caller=node_exporter.go:115 level=info collector=filefd
ts=2022-06-10T02:29:21.806Z caller=node_exporter.go:115 level=info collector=filesystem
ts=2022-06-10T02:29:21.806Z caller=node_exporter.go:115 level=info collector=hwmon
ts=2022-06-10T02:29:21.807Z caller=node_exporter.go:115 level=info collector=infiniband
ts=2022-06-10T02:29:21.807Z caller=node_exporter.go:115 level=info collector=ipvs
ts=2022-06-10T02:29:21.807Z caller=node_exporter.go:115 level=info collector=loadavg
ts=2022-06-10T02:29:21.807Z caller=node_exporter.go:115 level=info collector=mdadm
ts=2022-06-10T02:29:21.808Z caller=node_exporter.go:115 level=info collector=meminfo
ts=2022-06-10T02:29:21.808Z caller=node_exporter.go:115 level=info collector=netclass
ts=2022-06-10T02:29:21.808Z caller=node_exporter.go:115 level=info collector=netdev
ts=2022-06-10T02:29:21.808Z caller=node_exporter.go:115 level=info collector=netstat
ts=2022-06-10T02:29:21.809Z caller=node_exporter.go:115 level=info collector=nfs
ts=2022-06-10T02:29:21.809Z caller=node_exporter.go:115 level=info collector=nfsd
ts=2022-06-10T02:29:21.809Z caller=node_exporter.go:115 level=info collector=nvme
ts=2022-06-10T02:29:21.809Z caller=node_exporter.go:115 level=info collector=os
ts=2022-06-10T02:29:21.810Z caller=node_exporter.go:115 level=info collector=powersupplyclass
ts=2022-06-10T02:29:21.810Z caller=node_exporter.go:115 level=info collector=pressure
ts=2022-06-10T02:29:21.810Z caller=node_exporter.go:115 level=info collector=rapl
ts=2022-06-10T02:29:21.811Z caller=node_exporter.go:115 level=info collector=schedstat
ts=2022-06-10T02:29:21.811Z caller=node_exporter.go:115 level=info collector=sockstat
ts=2022-06-10T02:29:21.811Z caller=node_exporter.go:115 level=info collector=softnet
ts=2022-06-10T02:29:21.811Z caller=node_exporter.go:115 level=info collector=stat
ts=2022-06-10T02:29:21.812Z caller=node_exporter.go:115 level=info collector=tapestats
ts=2022-06-10T02:29:21.812Z caller=node_exporter.go:115 level=info collector=textfile
ts=2022-06-10T02:29:21.813Z caller=node_exporter.go:115 level=info collector=thermal_zone
ts=2022-06-10T02:29:21.813Z caller=node_exporter.go:115 level=info collector=time
ts=2022-06-10T02:29:21.813Z caller=node_exporter.go:115 level=info collector=timex
ts=2022-06-10T02:29:21.814Z caller=node_exporter.go:115 level=info collector=udp_queues
ts=2022-06-10T02:29:21.814Z caller=node_exporter.go:115 level=info collector=uname
ts=2022-06-10T02:29:21.814Z caller=node_exporter.go:115 level=info collector=vmstat
ts=2022-06-10T02:29:21.814Z caller=node_exporter.go:115 level=info collector=xfs
ts=2022-06-10T02:29:21.815Z caller=node_exporter.go:115 level=info collector=zfs
ts=2022-06-10T02:29:21.816Z caller=node_exporter.go:199 level=info msg="Listening on" address=:9100
ts=2022-06-10T02:29:21.816Z caller=tls_config.go:195 level=info msg="TLS is disabled." http2=false
